<?xml version="1.0" encoding="UTF-8"?>
<!-- Generated by org.testng.reporters.JUnitReportReporter -->
<testsuite hostname="Pranav-PC" failures="0" tests="1" name="com.email.outlook.tc.TC_Mails" time="23.326" errors="0" timestamp="2022-01-31T20:26:34 IST" skipped="0">
  <testcase classname="com.email.outlook.tc.TC_Mails" name="unreadmails" time="23.326"/>
  <system-out>
    <![CDATA[Navigating to Login Page
Email Address entered: pduggal1999@hotmail.com
Next button clicked
Password Entered: unahbduggal11
Sign In button clicked
Checkbox clicked
Button Clicked
Successfully Navigated to Account Page!!]]>
  </system-out>
</testsuite> <!-- com.email.outlook.tc.TC_Mails -->
