<?xml version="1.0" encoding="UTF-8"?>
<!-- Generated by org.testng.reporters.JUnitReportReporter -->
<testsuite hostname="DESKTOP-M0LQV71" failures="0" tests="1" name="com.email.outlook.tc.TC_Login" time="36.732" errors="0" timestamp="2021-12-11T18:05:29 IST" skipped="0">
  <testcase classname="com.email.outlook.tc.TC_Login" name="Login" time="36.732"/>
  <system-out>
    <![CDATA[Navigating to Login Page
Email entered: pduggal1999@hotmail.com
Next button clicked
Password Entered: unahbduggal11
Sign In button clicked
Checkbox clicked
Button Clicked
Successfully Navigated to Account Page!!]]>
  </system-out>
</testsuite> <!-- com.email.outlook.tc.TC_Login -->
